
> line-login@0.0.0 start /root/oidc_demo
> node ./bin/www_oidc

[0mGET / [32m200 [0m53.577 ms - 2159[0m
[0mGET /stylesheets/bootstrap.min.css [36m304 [0m5.744 ms - -[0m
[0mGET /javascripts/bootstrap.min.js [36m304 [0m4.903 ms - -[0m
[0mGET /stylesheets/style.css [36m304 [0m5.546 ms - -[0m
[0mGET /favicon.ico [33m404 [0m8.224 ms - 846[0m
[0mGET / [32m200 [0m4.325 ms - 2159[0m
[0mGET /stylesheets/bootstrap.min.css [36m304 [0m1.723 ms - -[0m
[0mGET /javascripts/bootstrap.min.js [36m304 [0m1.353 ms - -[0m
[0mGET /stylesheets/style.css [36m304 [0m1.159 ms - -[0m
{ userId: 'Ue255dbdfe94e3250617e0e2b457adcae',
  displayName: '<s>Kazunori SEKIMIZU',
  pictureUrl: 'https://profile.line-scdn.net/0m077ff8df725154d5afa8b7ba5434bbd6165c6369f324',
  statusMessage: '色即是空 空即是色' }
[0mGET /callback?code=HHgBFwt17o7i0NNiPV7z&state=15eebdde1af25 [32m200 [0m426.958 ms - 1568[0m
[0mGET /stylesheets/bootstrap.min.css [36m304 [0m4.920 ms - -[0m
[0mGET /javascripts/bootstrap.min.js [36m304 [0m3.302 ms - -[0m
[0mGET /stylesheets/style.css [36m304 [0m1.590 ms - -[0m
[0mGET /logout [36m302 [0m16.149 ms - 46[0m
[0mGET / [32m200 [0m13.319 ms - 2164[0m
[0mGET /stylesheets/bootstrap.min.css [36m304 [0m1.637 ms - -[0m
[0mGET /stylesheets/style.css [36m304 [0m1.254 ms - -[0m
[0mGET /javascripts/bootstrap.min.js [36m304 [0m1.113 ms - -[0m
[0mGET / [32m200 [0m5.059 ms - 2164[0m
